<?xml version="1.0" encoding="UTF-8"?>
<!-- Generated by org.testng.reporters.JUnitReportReporter -->
<testsuite skipped="0" hostname="DESKTOP-06OUV9F" name="mt.mstr.modules.Login" tests="2" failures="0" timestamp="20 Oct 2019 07:39:29 GMT" time="9.835" errors="0">
  <testcase name="executeLoginwithValidds" time="6.411" classname="mt.mstr.modules.Login"/>
  <testcase name="executeLoginwithInvalidds1" time="3.424" classname="mt.mstr.modules.Login"/>
</testsuite> <!-- mt.mstr.modules.Login -->
