<?xml version="1.0" encoding="UTF-8"?>
<!-- Generated by org.testng.reporters.JUnitReportReporter -->
<testsuite skipped="0" hostname="DESKTOP-URR3LUO" name="mt.mstr.modules.Launch" tests="1" failures="0" timestamp="19 Jan 2020 10:38:52 GMT" time="40.323" errors="0">
  <testcase name="executeLaunch" time="40.323" classname="mt.mstr.modules.Launch"/>
</testsuite> <!-- mt.mstr.modules.Launch -->
