<?xml version="1.0" encoding="UTF-8"?>
<!-- Generated by org.testng.reporters.JUnitReportReporter -->
<testsuite skipped="0" hostname="DESKTOP-URR3LUO" name="mt.mstr.modules.Login" tests="2" failures="0" timestamp="19 Jan 2020 10:38:52 GMT" time="23.269" errors="0">
  <testcase name="executeLoginwithValidds" time="17.502" classname="mt.mstr.modules.Login"/>
  <testcase name="executeLoginwithInvalidds1" time="5.767" classname="mt.mstr.modules.Login"/>
</testsuite> <!-- mt.mstr.modules.Login -->
